<?xml version="1.0" encoding="UTF-8"?>
<!-- Generated by org.testng.reporters.JUnitReportReporter -->
<testsuite hostname="Tatar7" failures="0" tests="5" name="io.platform.project.tests.ForgotPasswordTest" time="46.467" errors="0" timestamp="29 May 2019 02:02:12 GMT">
  <testcase classname="io.platform.project.tests.ForgotPasswordTest" name="testForgotPasswordBadEmailAddress" time="8.666"/>
  <testcase classname="io.platform.project.tests.ForgotPasswordTest" name="testForgotPasswordBackButton" time="8.848"/>
  <testcase classname="io.platform.project.tests.ForgotPasswordTest" name="testForgotPasswordGoodEmailAddress" time="11.190"/>
  <testcase classname="io.platform.project.tests.ForgotPasswordTest" name="testForgotPasswordGoodEmailAddressSecondRequest" time="9.129"/>
  <testcase classname="io.platform.project.tests.ForgotPasswordTest" name="testForgotPasswordNoEmailAddress" time="8.634"/>
</testsuite> <!-- io.platform.project.tests.ForgotPasswordTest -->
