<?xml version="1.0" encoding="UTF-8"?>
<!-- Generated by org.testng.reporters.JUnitReportReporter -->
<testsuite hostname="Tatar7" failures="0" tests="1" name="io.platform.project.tests.PrintSearchResultsTest" time="11.787" errors="0" timestamp="29 May 2019 02:02:12 GMT">
  <testcase classname="io.platform.project.tests.PrintSearchResultsTest" name="printAllResultTitles" time="11.787"/>
</testsuite> <!-- io.platform.project.tests.PrintSearchResultsTest -->
