<?xml version="1.0" encoding="UTF-8"?>
<!-- Generated by org.testng.reporters.JUnitReportReporter -->
<testsuite hostname="Tatar7" failures="0" tests="1" name="io.platform.project.tests.PlaceAndConfirmOrderTest" time="19.008" errors="0" timestamp="29 May 2019 02:26:15 GMT">
  <testcase classname="io.platform.project.tests.PlaceAndConfirmOrderTest" name="test" time="19.008"/>
</testsuite> <!-- io.platform.project.tests.PlaceAndConfirmOrderTest -->
