<?xml version="1.0" encoding="UTF-8"?>
<!-- Generated by org.testng.reporters.JUnitReportReporter -->
<testsuite hostname="Tatar7" failures="0" tests="5" name="io.platform.project.tests.ForgotPasswordTest" time="47.778" errors="0" timestamp="29 May 2019 02:26:15 GMT">
  <testcase classname="io.platform.project.tests.ForgotPasswordTest" name="testForgotPasswordGoodEmailAddressSecondRequest" time="9.313"/>
  <testcase classname="io.platform.project.tests.ForgotPasswordTest" name="testForgotPasswordBadEmailAddress" time="9.278"/>
  <testcase classname="io.platform.project.tests.ForgotPasswordTest" name="testForgotPasswordBackButton" time="9.216"/>
  <testcase classname="io.platform.project.tests.ForgotPasswordTest" name="testForgotPasswordNoEmailAddress" time="8.923"/>
  <testcase classname="io.platform.project.tests.ForgotPasswordTest" name="testForgotPasswordGoodEmailAddress" time="11.048"/>
</testsuite> <!-- io.platform.project.tests.ForgotPasswordTest -->
