<?xml version="1.0" encoding="UTF-8"?>
<!-- Generated by org.testng.reporters.JUnitReportReporter -->
<testsuite hostname="Tatar7" failures="0" tests="1" name="io.platform.project.tests.Scratch" time="4.406" errors="0" timestamp="11 May 2019 20:15:05 GMT">
  <testcase classname="io.platform.project.tests.Scratch" name="test" time="4.406"/>
</testsuite> <!-- io.platform.project.tests.Scratch -->
