<?xml version="1.0" encoding="UTF-8"?>
<!-- Generated by org.testng.reporters.JUnitReportReporter -->
<testsuite hostname="Tatar7" failures="0" tests="1" name="io.platform.project.homePageTests.PlaceAndConfirmOrder" time="18.030" errors="0" timestamp="8 May 2019 03:10:26 GMT">
  <testcase classname="io.platform.project.homePageTests.PlaceAndConfirmOrder" name="test" time="18.030"/>
</testsuite> <!-- io.platform.project.homePageTests.PlaceAndConfirmOrder -->
