<?xml version="1.0" encoding="UTF-8"?>
<!-- Generated by org.testng.reporters.JUnitReportReporter -->
<testsuite hostname="Tatar7" failures="0" tests="2" name="io.platform.project.homePageTests.TestClass_2" time="0.000" errors="0" timestamp="7 May 2019 20:42:02 GMT">
  <testcase classname="io.platform.project.homePageTests.TestClass_2" name="test1" time="0.000"/>
  <testcase classname="io.platform.project.homePageTests.TestClass_2" name="test2" time="0.000"/>
</testsuite> <!-- io.platform.project.homePageTests.TestClass_2 -->
