<?xml version="1.0" encoding="UTF-8"?>
<!-- Generated by org.testng.reporters.JUnitReportReporter -->
<testsuite hostname="Tatar7" failures="0" tests="1" name="io.platform.project.homePageTests.HomePageTest" time="0.040" errors="0" timestamp="6 May 2019 19:31:07 GMT">
  <testcase classname="io.platform.project.homePageTests.HomePageTest" name="test" time="0.040"/>
</testsuite> <!-- io.platform.project.homePageTests.HomePageTest -->
