<?xml version="1.0" encoding="UTF-8"?>
<!-- Generated by org.testng.reporters.JUnitReportReporter -->
<testsuite hostname="Tatar7" failures="0" tests="3" name="io.platform.project.homePageTests.AnnotationTest" time="0.016" errors="0" timestamp="7 May 2019 17:03:05 GMT">
  <testcase classname="io.platform.project.homePageTests.AnnotationTest" name="test3" time="0.000"/>
  <testcase classname="io.platform.project.homePageTests.AnnotationTest" name="test1" time="0.016"/>
  <testcase classname="io.platform.project.homePageTests.AnnotationTest" name="test2" time="0.000"/>
</testsuite> <!-- io.platform.project.homePageTests.AnnotationTest -->
