<?xml version="1.0" encoding="UTF-8"?>
<!-- Generated by org.testng.reporters.JUnitReportReporter -->
<testsuite hostname="Tatar7" failures="0" tests="1" name="io.platform.project.tests.VerifyAllResultLinks" time="13.501" errors="0" timestamp="9 May 2019 00:30:30 GMT">
  <testcase classname="io.platform.project.tests.VerifyAllResultLinks" name="verifyAllResultLinks" time="13.501"/>
</testsuite> <!-- io.platform.project.tests.VerifyAllResultLinks -->
