<?xml version="1.0" encoding="UTF-8"?>
<!-- Generated by org.testng.reporters.JUnitReportReporter -->
<testsuite hostname="Tatar7" failures="0" tests="1" name="io.platform.project.homePageTests.PlaceAndConfirmOrderTest" time="17.788" errors="0" timestamp="8 May 2019 03:16:04 GMT">
  <testcase classname="io.platform.project.homePageTests.PlaceAndConfirmOrderTest" name="test" time="17.788"/>
</testsuite> <!-- io.platform.project.homePageTests.PlaceAndConfirmOrderTest -->
