<?xml version="1.0" encoding="UTF-8"?>
<!-- Generated by org.testng.reporters.JUnitReportReporter -->
<testsuite hostname="Tatar7" failures="0" tests="1" name="io.platform.project.tests.PrintManufacturersDDValues" time="5.143" errors="0" timestamp="9 May 2019 03:44:35 GMT">
  <testcase classname="io.platform.project.tests.PrintManufacturersDDValues" name="printManufacturersDDValues" time="5.143"/>
</testsuite> <!-- io.platform.project.tests.PrintManufacturersDDValues -->
