<?xml version="1.0" encoding="UTF-8"?>
<!-- Generated by org.testng.reporters.JUnitReportReporter -->
<testsuite hostname="Tatar7" failures="0" tests="1" name="io.platform.project.tests.CreateNewAccountTest" time="13.508" errors="0" timestamp="22 May 2019 19:14:11 GMT">
  <testcase classname="io.platform.project.tests.CreateNewAccountTest" name="test" time="13.508"/>
</testsuite> <!-- io.platform.project.tests.CreateNewAccountTest -->
