<?xml version="1.0" encoding="UTF-8"?>
<!-- Generated by org.testng.reporters.JUnitReportReporter -->
<testsuite hostname="Tatar7" failures="0" tests="1" name="io.platform.project.tests.SelectManufacturer" time="14.908" errors="0" timestamp="9 May 2019 03:52:25 GMT">
  <testcase classname="io.platform.project.tests.SelectManufacturer" name="printManufacturersDDValues" time="14.908"/>
</testsuite> <!-- io.platform.project.tests.SelectManufacturer -->
