<?xml version="1.0" encoding="UTF-8"?>
<!-- Generated by org.testng.reporters.JUnitReportReporter -->
<testsuite hostname="Tatar7" failures="0" tests="1" name="io.platform.project.tests.PrintSearchResultsTest" time="12.470" errors="0" timestamp="9 May 2019 00:22:39 GMT">
  <testcase classname="io.platform.project.tests.PrintSearchResultsTest" name="printAllResultTitles" time="12.470"/>
</testsuite> <!-- io.platform.project.tests.PrintSearchResultsTest -->
