<?xml version="1.0" encoding="UTF-8"?>
<!-- Generated by org.testng.reporters.JUnitReportReporter -->
<testsuite hostname="Tatar7" failures="0" tests="1" name="io.platform.project.homePageTests.CreateNewAccount" time="21.221" errors="0" timestamp="7 May 2019 01:02:27 GMT">
  <testcase classname="io.platform.project.homePageTests.CreateNewAccount" name="test" time="21.221"/>
</testsuite> <!-- io.platform.project.homePageTests.CreateNewAccount -->
